-------------------------------------------------------------------------------
Test set: org.restlet.example.book.restlet.ch03.sec3.client.MailClientTestCase
-------------------------------------------------------------------------------
Tests run: 1, Failures: 1, Errors: 0, Skipped: 0, Time elapsed: 0.339 sec <<< FAILURE!
org.restlet.example.book.restlet.ch03.sec3.client.MailClientTestCase.testVirtualHost()  Time elapsed: 0.339 sec  <<< FAILURE!
org.opentest4j.AssertionFailedError: expected: <true> but was: <false>
	at org.junit.jupiter.api.AssertionFailureBuilder.build(AssertionFailureBuilder.java:151)
	at org.junit.jupiter.api.AssertionFailureBuilder.buildAndThrow(AssertionFailureBuilder.java:132)
	at org.junit.jupiter.api.AssertTrue.failNotTrue(AssertTrue.java:63)
	at org.junit.jupiter.api.AssertTrue.assertTrue(AssertTrue.java:36)
	at org.junit.jupiter.api.AssertTrue.assertTrue(AssertTrue.java:31)
	at org.junit.jupiter.api.Assertions.assertTrue(Assertions.java:183)
	at org.restlet.example.book.restlet.ch03.sec3.client.MailClientTestCase.testVirtualHost(MailClientTestCase.java:47)

