<?xml version="1.0" encoding="UTF-8" ?>
<testsuite tests="1" failures="1" name="org.restlet.example.book.restlet.ch03.sec3.client.MailClientTestCase" time="0.339" errors="0" skipped="0">
  <properties>
[...]
</properties>
  <testcase classname="org.restlet.example.book.restlet.ch03.sec3.client.MailClientTestCase" name="org.restlet.example.book.restlet.ch03.sec3.client.MailClientTestCase.testVirtualHost" time="0.339">
    <failure message="expected: &lt;true&gt; but was: &lt;false&gt;" type="org.opentest4j.AssertionFailedError">org.opentest4j.AssertionFailedError: expected: &lt;true&gt; but was: &lt;false&gt;
	at org.junit.jupiter.api.AssertionFailureBuilder.build(AssertionFailureBuilder.java:151)
	at org.junit.jupiter.api.AssertionFailureBuilder.buildAndThrow(AssertionFailureBuilder.java:132)
	at org.junit.jupiter.api.AssertTrue.failNotTrue(AssertTrue.java:63)
	at org.junit.jupiter.api.AssertTrue.assertTrue(AssertTrue.java:36)
	at org.junit.jupiter.api.AssertTrue.assertTrue(AssertTrue.java:31)
	at org.junit.jupiter.api.Assertions.assertTrue(Assertions.java:183)
	at org.restlet.example.book.restlet.ch03.sec3.client.MailClientTestCase.testVirtualHost(MailClientTestCase.java:47)
</failure>
    <system-err>SLF4J(W): No SLF4J providers were found.
SLF4J(W): Defaulting to no-operation (NOP) logger implementation
SLF4J(W): See https://www.slf4j.org/codes.html#noProviders for further details.
Starting the Jetty [HTTP/1.1] server on port 8111
Starting org.restlet.example.book.restlet.ch03.sec3.server.MailServerApplication application
Unable to start the Restlet

org.restlet.resource.ResourceException: Not Found (404) - The server has not found anything matching the request URI
	at org.restlet.resource.ClientResource.doError(ClientResource.java:547)
	at org.restlet.resource.ClientResource.doError(ClientResource.java:535)
	at org.restlet.resource.ClientResource.handleInbound(ClientResource.java:1054)
	at org.restlet.resource.ClientResource.handle(ClientResource.java:966)
	at org.restlet.resource.ClientResource.handle(ClientResource.java:945)
	at org.restlet.resource.ClientResource.handle(ClientResource.java:864)
	at org.restlet.resource.ClientResource.get(ClientResource.java:593)
	at org.restlet.service.LogService.start(LogService.java:392)
	at org.restlet.util.ServiceList.start(ServiceList.java:171)
	at org.restlet.Component.startServices(Component.java:473)
	at org.restlet.Component.start(Component.java:389)
	at org.restlet.Restlet.handle(Restlet.java:281)
	at org.restlet.Component.handle(Component.java:247)
	at org.restlet.example.book.restlet.ch03.sec3.client.MailClientTestCase.testVirtualHost(MailClientTestCase.java:44)
	at java.base/jdk.internal.reflect.NativeMethodAccessorImpl.invoke0(Native Method)
	at java.base/jdk.internal.reflect.NativeMethodAccessorImpl.invoke(NativeMethodAccessorImpl.java:77)
	at java.base/jdk.internal.reflect.DelegatingMethodAccessorImpl.invoke(DelegatingMethodAccessorImpl.java:43)
	at java.base/java.lang.reflect.Method.invoke(Method.java:568)
	at org.apache.maven.surefire.junit.PojoTestSet.executeTestMethod(PojoTestSet.java:151)
	at org.apache.maven.surefire.junit.PojoTestSet.executeTestMethods(PojoTestSet.java:102)
	at org.apache.maven.surefire.junit.PojoTestSet.execute(PojoTestSet.java:83)
	at org.apache.maven.surefire.junit.JUnit3Provider.executeTestSet(JUnit3Provider.java:121)
	at org.apache.maven.surefire.junit.JUnit3Provider.invoke(JUnit3Provider.java:98)
	at java.base/jdk.internal.reflect.NativeMethodAccessorImpl.invoke0(Native Method)
	at java.base/jdk.internal.reflect.NativeMethodAccessorImpl.invoke(NativeMethodAccessorImpl.java:77)
	at java.base/jdk.internal.reflect.DelegatingMethodAccessorImpl.invoke(DelegatingMethodAccessorImpl.java:43)
	at java.base/java.lang.reflect.Method.invoke(Method.java:568)
	at org.apache.maven.surefire.util.ReflectionUtils.invokeMethodWithArray(ReflectionUtils.java:189)
	at org.apache.maven.surefire.booter.ProviderFactory$ProviderProxy.invoke(ProviderFactory.java:165)
	at org.apache.maven.surefire.booter.ProviderFactory.invokeProvider(ProviderFactory.java:85)
	at org.apache.maven.surefire.booter.ForkedBooter.runSuitesInProcess(ForkedBooter.java:115)
	at org.apache.maven.surefire.booter.ForkedBooter.main(ForkedBooter.java:75)
Unable to start the Restlet
The org.restlet.example.book.restlet.ch03.sec3.server.MailServerComponent class has no Restlet defined to process calls. Maybe it wasn&apos;t properly started.
</system-err>
  </testcase>
</testsuite>